{
  "uid" : "ad76d4e9c1b3bce0",
  "name" : "登录情况的结果",
  "fullName" : "test_demo.Test#test_demo01",
  "historyId" : "e20f46de7901f5f9648f2b9228c33b9f",
  "time" : {
    "start" : 1617331706678,
    "stop" : 1617331706678,
    "duration" : 0
  },
  "status" : "failed",
  "statusMessage" : "AssertionError: assert 1 == 2\n  +1\n  -2",
  "statusTrace" : "self = <pytest_demo.test_demo.Test object at 0x04625D30>\n\n    @allure.feature('某网站的第一个测试用例')\n    @allure.story('我的登录')\n    @allure.title('登录情况的结果')\n    @pytest.mark.testlogin\n    def test_demo01(self):\n        with allure.step('我的登录步骤'):\n            with open('./img/1.jpg', 'rb') as f:\n                img = f.read()\n                allure.attach(img, '景甜的自拍照')\n>           assert 1 == 2\nE           assert 1 == 2\nE             +1\nE             -2\n\ntest_demo.py:20: AssertionError",
  "flaky" : false,
  "newFailed" : false,
  "beforeStages" : [ ],
  "testStage" : {
    "status" : "failed",
    "statusMessage" : "AssertionError: assert 1 == 2\n  +1\n  -2",
    "statusTrace" : "self = <pytest_demo.test_demo.Test object at 0x04625D30>\n\n    @allure.feature('某网站的第一个测试用例')\n    @allure.story('我的登录')\n    @allure.title('登录情况的结果')\n    @pytest.mark.testlogin\n    def test_demo01(self):\n        with allure.step('我的登录步骤'):\n            with open('./img/1.jpg', 'rb') as f:\n                img = f.read()\n                allure.attach(img, '景甜的自拍照')\n>           assert 1 == 2\nE           assert 1 == 2\nE             +1\nE             -2\n\ntest_demo.py:20: AssertionError",
    "steps" : [ {
      "name" : "我的登录步骤",
      "time" : {
        "start" : 1617331706678,
        "stop" : 1617331706678,
        "duration" : 0
      },
      "status" : "failed",
      "statusMessage" : "AssertionError: assert 1 == 2\n  +1\n  -2\n",
      "statusTrace" : "  File \"D:\\PythonProject\\auto_test\\pytest_demo\\test_demo.py\", line 20, in test_demo01\n    assert 1 == 2\n",
      "steps" : [ ],
      "attachments" : [ {
        "uid" : "668f03ec47bcfc5f",
        "name" : "景甜的自拍照",
        "source" : "668f03ec47bcfc5f.attach",
        "type" : "image/jpeg",
        "size" : 180286
      } ],
      "parameters" : [ ],
      "hasContent" : true,
      "stepsCount" : 0,
      "attachmentsCount" : 1,
      "shouldDisplayMessage" : true
    } ],
    "attachments" : [ ],
    "parameters" : [ ],
    "hasContent" : true,
    "stepsCount" : 1,
    "attachmentsCount" : 1,
    "shouldDisplayMessage" : true
  },
  "afterStages" : [ ],
  "labels" : [ {
    "name" : "feature",
    "value" : "某网站的第一个测试用例"
  }, {
    "name" : "story",
    "value" : "我的登录"
  }, {
    "name" : "tag",
    "value" : "testlogin"
  }, {
    "name" : "suite",
    "value" : "test_demo"
  }, {
    "name" : "subSuite",
    "value" : "Test"
  }, {
    "name" : "host",
    "value" : "LAPTOP-ILIMIEIP"
  }, {
    "name" : "thread",
    "value" : "15108-MainThread"
  }, {
    "name" : "framework",
    "value" : "pytest"
  }, {
    "name" : "language",
    "value" : "cpython3"
  }, {
    "name" : "package",
    "value" : "test_demo"
  }, {
    "name" : "resultFormat",
    "value" : "allure2"
  } ],
  "parameters" : [ ],
  "links" : [ ],
  "hidden" : false,
  "retry" : false,
  "extra" : {
    "severity" : "normal",
    "retries" : [ {
      "uid" : "7f14245598258645",
      "status" : "failed",
      "statusDetails" : "AssertionError: assert 1 == 2\n  +1\n  -2",
      "time" : {
        "start" : 1617331279649,
        "stop" : 1617331279649,
        "duration" : 0
      }
    }, {
      "uid" : "f5a101fe9650c237",
      "status" : "failed",
      "statusDetails" : "AssertionError: assert 1 == 2\n  +1\n  -2",
      "time" : {
        "start" : 1617331151415,
        "stop" : 1617331151415,
        "duration" : 0
      }
    }, {
      "uid" : "51095798810a7db7",
      "status" : "failed",
      "statusDetails" : "AssertionError: assert 1 == 2",
      "time" : {
        "start" : 1617290231953,
        "stop" : 1617290231955,
        "duration" : 2
      }
    }, {
      "uid" : "583fa96fd300e00a",
      "status" : "failed",
      "statusDetails" : "AssertionError: assert 1 == 2",
      "time" : {
        "start" : 1617290079419,
        "stop" : 1617290079420,
        "duration" : 1
      }
    }, {
      "uid" : "a8fc03faa28f525",
      "status" : "broken",
      "statusDetails" : "TypeError: a bytes-like object is required, not '_io.TextIOWrapper'",
      "time" : {
        "start" : 1617289962326,
        "stop" : 1617289962340,
        "duration" : 14
      }
    }, {
      "uid" : "d90fbdee8b57e5b2",
      "status" : "passed",
      "time" : {
        "start" : 1617288900647,
        "stop" : 1617288900647,
        "duration" : 0
      }
    }, {
      "uid" : "3ff8c1b899d009eb",
      "status" : "passed",
      "time" : {
        "start" : 1617288337398,
        "stop" : 1617288337398,
        "duration" : 0
      }
    } ],
    "categories" : [ {
      "name" : "Product defects",
      "matchedStatuses" : [ ],
      "flaky" : false
    } ],
    "tags" : [ "testlogin" ]
  },
  "source" : "ad76d4e9c1b3bce0.json",
  "parameterValues" : [ ]
}